2017-12-16 23:08:46.085  INFO 1486 --- [main] e.n.w.search.SearchApplicationTests      : Starting SearchApplicationTests on Tianhuis-MacBook-Pro.local with PID 1486 (started by tianhuizhu in /Users/tianhuizhu/Downloads/WSE_Journal/WSE_Journal/search)
2017-12-16 23:08:46.086  INFO 1486 --- [main] e.n.w.search.SearchApplicationTests      : No active profile set, falling back to default profiles: default
2017-12-16 23:08:46.306  INFO 1486 --- [main] o.s.w.c.s.GenericWebApplicationContext   : Refreshing org.springframework.web.context.support.GenericWebApplicationContext@7133da86: startup date [Sat Dec 16 23:08:46 EST 2017]; root of context hierarchy
2017-12-16 23:08:48.020  INFO 1486 --- [main] j.LocalContainerEntityManagerFactoryBean : Building JPA container EntityManagerFactory for persistence unit 'default'
2017-12-16 23:08:48.042  INFO 1486 --- [main] o.hibernate.jpa.internal.util.LogHelper  : HHH000204: Processing PersistenceUnitInfo [
	name: default
	...]
2017-12-16 23:08:48.139  INFO 1486 --- [main] org.hibernate.Version                    : HHH000412: Hibernate Core {5.0.12.Final}
2017-12-16 23:08:48.141  INFO 1486 --- [main] org.hibernate.cfg.Environment            : HHH000206: hibernate.properties not found
2017-12-16 23:08:48.143  INFO 1486 --- [main] org.hibernate.cfg.Environment            : HHH000021: Bytecode provider name : javassist
2017-12-16 23:08:48.195  INFO 1486 --- [main] o.hibernate.annotations.common.Version   : HCANN000001: Hibernate Commons Annotations {5.0.1.Final}
2017-12-16 23:08:48.365  INFO 1486 --- [main] org.hibernate.dialect.Dialect            : HHH000400: Using dialect: org.hibernate.dialect.H2Dialect
2017-12-16 23:08:48.703  INFO 1486 --- [main] org.hibernate.tool.hbm2ddl.SchemaExport  : HHH000227: Running hbm2ddl schema export
2017-12-16 23:08:48.712  INFO 1486 --- [main] org.hibernate.tool.hbm2ddl.SchemaExport  : HHH000230: Schema export complete
2017-12-16 23:08:48.751  INFO 1486 --- [main] j.LocalContainerEntityManagerFactoryBean : Initialized JPA EntityManagerFactory for persistence unit 'default'
2017-12-16 23:08:49.356  INFO 1486 --- [main] s.w.s.m.m.a.RequestMappingHandlerAdapter : Looking for @ControllerAdvice: org.springframework.web.context.support.GenericWebApplicationContext@7133da86: startup date [Sat Dec 16 23:08:46 EST 2017]; root of context hierarchy
2017-12-16 23:08:49.446  INFO 1486 --- [main] s.w.s.m.m.a.RequestMappingHandlerMapping : Mapped "{[/]}" onto java.lang.String edu.nyu.wse_journal.search.controllers.IndexController.index()
2017-12-16 23:08:49.448  INFO 1486 --- [main] s.w.s.m.m.a.RequestMappingHandlerMapping : Mapped "{[/error]}" onto public org.springframework.http.ResponseEntity<java.util.Map<java.lang.String, java.lang.Object>> org.springframework.boot.autoconfigure.web.BasicErrorController.error(javax.servlet.http.HttpServletRequest)
2017-12-16 23:08:49.449  INFO 1486 --- [main] s.w.s.m.m.a.RequestMappingHandlerMapping : Mapped "{[/error],produces=[text/html]}" onto public org.springframework.web.servlet.ModelAndView org.springframework.boot.autoconfigure.web.BasicErrorController.errorHtml(javax.servlet.http.HttpServletRequest,javax.servlet.http.HttpServletResponse)
2017-12-16 23:08:49.486  INFO 1486 --- [main] o.s.w.s.handler.SimpleUrlHandlerMapping  : Mapped URL path [/webjars/**] onto handler of type [class org.springframework.web.servlet.resource.ResourceHttpRequestHandler]
2017-12-16 23:08:49.486  INFO 1486 --- [main] o.s.w.s.handler.SimpleUrlHandlerMapping  : Mapped URL path [/**] onto handler of type [class org.springframework.web.servlet.resource.ResourceHttpRequestHandler]
2017-12-16 23:08:49.546  INFO 1486 --- [main] o.s.w.s.handler.SimpleUrlHandlerMapping  : Mapped URL path [/**/favicon.ico] onto handler of type [class org.springframework.web.servlet.resource.ResourceHttpRequestHandler]
2017-12-16 23:08:50.035  INFO 1486 --- [main] b.a.s.AuthenticationManagerConfiguration : 

Using default security password: d173fa42-50d3-4ea6-baac-93d0d11ce0b9

2017-12-16 23:08:50.101  INFO 1486 --- [main] o.s.s.web.DefaultSecurityFilterChain     : Creating filter chain: OrRequestMatcher [requestMatchers=[Ant [pattern='/css/**'], Ant [pattern='/js/**'], Ant [pattern='/images/**'], Ant [pattern='/webjars/**'], Ant [pattern='/**/favicon.ico'], Ant [pattern='/error']]], []
2017-12-16 23:08:50.169  INFO 1486 --- [main] o.s.s.web.DefaultSecurityFilterChain     : Creating filter chain: org.springframework.security.web.util.matcher.AnyRequestMatcher@1, [org.springframework.security.web.context.request.async.WebAsyncManagerIntegrationFilter@45287377, org.springframework.security.web.context.SecurityContextPersistenceFilter@5345dfe8, org.springframework.security.web.header.HeaderWriterFilter@2450256f, org.springframework.security.web.authentication.logout.LogoutFilter@716f94c1, org.springframework.security.web.savedrequest.RequestCacheAwareFilter@4a1dda83, org.springframework.security.web.servletapi.SecurityContextHolderAwareRequestFilter@18c880ea, org.springframework.security.web.authentication.AnonymousAuthenticationFilter@7159d601, org.springframework.security.web.session.SessionManagementFilter@734ce281, org.springframework.security.web.access.ExceptionTranslationFilter@720f56e2, org.springframework.security.web.access.intercept.FilterSecurityInterceptor@55c1ced9]
2017-12-16 23:08:50.187  INFO 1486 --- [main] o.s.s.web.DefaultSecurityFilterChain     : Creating filter chain: OrRequestMatcher [requestMatchers=[Ant [pattern='/**']]], [org.springframework.security.web.context.request.async.WebAsyncManagerIntegrationFilter@69b3886f, org.springframework.security.web.context.SecurityContextPersistenceFilter@5d9d2119, org.springframework.security.web.header.HeaderWriterFilter@2eb1c615, org.springframework.security.web.authentication.logout.LogoutFilter@370c7cc5, org.springframework.security.web.authentication.www.BasicAuthenticationFilter@250967f1, org.springframework.security.web.savedrequest.RequestCacheAwareFilter@5a4464c5, org.springframework.security.web.servletapi.SecurityContextHolderAwareRequestFilter@7ae590f6, org.springframework.security.web.authentication.AnonymousAuthenticationFilter@53d30d23, org.springframework.security.web.session.SessionManagementFilter@2674d4f6, org.springframework.security.web.access.ExceptionTranslationFilter@681de87f, org.springframework.security.web.access.intercept.FilterSecurityInterceptor@3cc3f13e]
2017-12-16 23:08:50.388  INFO 1486 --- [main] e.n.w.search.SearchApplicationTests      : Started SearchApplicationTests in 4.71 seconds (JVM running for 5.45)
2017-12-16 23:08:50.443  INFO 1486 --- [Thread-3] o.s.w.c.s.GenericWebApplicationContext   : Closing org.springframework.web.context.support.GenericWebApplicationContext@7133da86: startup date [Sat Dec 16 23:08:46 EST 2017]; root of context hierarchy
2017-12-16 23:08:50.446  INFO 1486 --- [Thread-3] j.LocalContainerEntityManagerFactoryBean : Closing JPA EntityManagerFactory for persistence unit 'default'
2017-12-16 23:08:50.446  INFO 1486 --- [Thread-3] org.hibernate.tool.hbm2ddl.SchemaExport  : HHH000227: Running hbm2ddl schema export
2017-12-16 23:08:50.447  INFO 1486 --- [Thread-3] org.hibernate.tool.hbm2ddl.SchemaExport  : HHH000230: Schema export complete
