2017-12-16 09:48:58.939  INFO 3705 --- [main] edu.nyu.cs.wse.crawl.CrawlApplication    : Starting CrawlApplication on Tianhuis-MacBook-Pro.local with PID 3705 (/Users/tianhuizhu/Downloads/WSE_Journal/WSE_Journal/crawl/target/classes started by tianhuizhu in /Users/tianhuizhu/Downloads/WSE_Journal/WSE_Journal)
2017-12-16 09:48:58.943  INFO 3705 --- [main] edu.nyu.cs.wse.crawl.CrawlApplication    : No active profile set, falling back to default profiles: default
2017-12-16 09:48:58.985  INFO 3705 --- [main] s.c.a.AnnotationConfigApplicationContext : Refreshing org.springframework.context.annotation.AnnotationConfigApplicationContext@7fc2413d: startup date [Sat Dec 16 09:48:58 EST 2017]; root of context hierarchy
2017-12-16 09:48:59.475  INFO 3705 --- [main] o.s.j.e.a.AnnotationMBeanExporter        : Registering beans for JMX exposure on startup
2017-12-16 09:48:59.485  INFO 3705 --- [main] edu.nyu.cs.wse.crawl.CrawlApplication    : Started CrawlApplication in 0.766 seconds (JVM running for 1.407)
2017-12-16 09:48:59.485  INFO 3705 --- [Thread-4] s.c.a.AnnotationConfigApplicationContext : Closing org.springframework.context.annotation.AnnotationConfigApplicationContext@7fc2413d: startup date [Sat Dec 16 09:48:58 EST 2017]; root of context hierarchy
2017-12-16 09:48:59.487  INFO 3705 --- [Thread-4] o.s.j.e.a.AnnotationMBeanExporter        : Unregistering JMX-exposed beans on shutdown
2017-12-16 09:51:07.870  INFO 3708 --- [main] edu.nyu.cs.wse.crawl.CrawlApplication    : Starting CrawlApplication on Tianhuis-MacBook-Pro.local with PID 3708 (/Users/tianhuizhu/Downloads/WSE_Journal/WSE_Journal/crawl/target/classes started by tianhuizhu in /Users/tianhuizhu/Downloads/WSE_Journal/WSE_Journal)
2017-12-16 09:51:07.874  INFO 3708 --- [main] edu.nyu.cs.wse.crawl.CrawlApplication    : No active profile set, falling back to default profiles: default
2017-12-16 09:51:07.920  INFO 3708 --- [main] s.c.a.AnnotationConfigApplicationContext : Refreshing org.springframework.context.annotation.AnnotationConfigApplicationContext@7fc2413d: startup date [Sat Dec 16 09:51:07 EST 2017]; root of context hierarchy
2017-12-16 09:51:08.460  INFO 3708 --- [main] o.s.j.e.a.AnnotationMBeanExporter        : Registering beans for JMX exposure on startup
2017-12-16 09:51:08.474  INFO 3708 --- [main] edu.nyu.cs.wse.crawl.CrawlApplication    : Started CrawlApplication in 0.828 seconds (JVM running for 1.476)
2017-12-16 09:51:08.475  INFO 3708 --- [Thread-4] s.c.a.AnnotationConfigApplicationContext : Closing org.springframework.context.annotation.AnnotationConfigApplicationContext@7fc2413d: startup date [Sat Dec 16 09:51:07 EST 2017]; root of context hierarchy
2017-12-16 09:51:08.477  INFO 3708 --- [Thread-4] o.s.j.e.a.AnnotationMBeanExporter        : Unregistering JMX-exposed beans on shutdown
2017-12-16 09:51:43.302  INFO 3711 --- [main] edu.nyu.cs.wse.crawl.CrawlApplication    : Starting CrawlApplication on Tianhuis-MacBook-Pro.local with PID 3711 (/Users/tianhuizhu/Downloads/WSE_Journal/WSE_Journal/crawl/target/classes started by tianhuizhu in /Users/tianhuizhu/Downloads/WSE_Journal/WSE_Journal)
2017-12-16 09:51:43.305  INFO 3711 --- [main] edu.nyu.cs.wse.crawl.CrawlApplication    : No active profile set, falling back to default profiles: default
2017-12-16 09:51:43.338  INFO 3711 --- [main] s.c.a.AnnotationConfigApplicationContext : Refreshing org.springframework.context.annotation.AnnotationConfigApplicationContext@7fc2413d: startup date [Sat Dec 16 09:51:43 EST 2017]; root of context hierarchy
2017-12-16 09:51:43.805  INFO 3711 --- [main] o.s.j.e.a.AnnotationMBeanExporter        : Registering beans for JMX exposure on startup
2017-12-16 09:51:43.818  INFO 3711 --- [main] edu.nyu.cs.wse.crawl.CrawlApplication    : Started CrawlApplication in 0.721 seconds (JVM running for 1.155)
2017-12-16 09:51:43.820  INFO 3711 --- [Thread-4] s.c.a.AnnotationConfigApplicationContext : Closing org.springframework.context.annotation.AnnotationConfigApplicationContext@7fc2413d: startup date [Sat Dec 16 09:51:43 EST 2017]; root of context hierarchy
2017-12-16 09:51:43.821  INFO 3711 --- [Thread-4] o.s.j.e.a.AnnotationMBeanExporter        : Unregistering JMX-exposed beans on shutdown
2017-12-16 09:52:25.245  INFO 3716 --- [main] edu.nyu.cs.wse.crawl.CrawlApplication    : Starting CrawlApplication on Tianhuis-MacBook-Pro.local with PID 3716 (/Users/tianhuizhu/Downloads/WSE_Journal/WSE_Journal/crawl/target/classes started by tianhuizhu in /Users/tianhuizhu/Downloads/WSE_Journal/WSE_Journal)
2017-12-16 09:52:25.249  INFO 3716 --- [main] edu.nyu.cs.wse.crawl.CrawlApplication    : No active profile set, falling back to default profiles: default
2017-12-16 09:52:25.295  INFO 3716 --- [main] s.c.a.AnnotationConfigApplicationContext : Refreshing org.springframework.context.annotation.AnnotationConfigApplicationContext@7fc2413d: startup date [Sat Dec 16 09:52:25 EST 2017]; root of context hierarchy
2017-12-16 09:52:25.797  WARN 3716 --- [main] s.c.a.AnnotationConfigApplicationContext : Exception encountered during context initialization - cancelling refresh attempt: org.springframework.beans.factory.UnsatisfiedDependencyException: Error creating bean with name 'crawlApplication': Unsatisfied dependency expressed through field 'crawl_index'; nested exception is org.springframework.beans.factory.BeanCreationException: Error creating bean with name 'crawl_Index': Injection of autowired dependencies failed; nested exception is java.lang.IllegalArgumentException: Could not resolve placeholder 'config' in value "${config}.urlfile, required=false"
2017-12-16 09:52:25.810  INFO 3716 --- [main] utoConfigurationReportLoggingInitializer : 

Error starting ApplicationContext. To display the auto-configuration report re-run your application with 'debug' enabled.
2017-12-16 09:52:25.825 ERROR 3716 --- [main] o.s.boot.SpringApplication               : Application startup failed

org.springframework.beans.factory.UnsatisfiedDependencyException: Error creating bean with name 'crawlApplication': Unsatisfied dependency expressed through field 'crawl_index'; nested exception is org.springframework.beans.factory.BeanCreationException: Error creating bean with name 'crawl_Index': Injection of autowired dependencies failed; nested exception is java.lang.IllegalArgumentException: Could not resolve placeholder 'config' in value "${config}.urlfile, required=false"
	at org.springframework.beans.factory.annotation.AutowiredAnnotationBeanPostProcessor$AutowiredFieldElement.inject(AutowiredAnnotationBeanPostProcessor.java:588) ~[spring-beans-4.3.13.RELEASE.jar:4.3.13.RELEASE]
	at org.springframework.beans.factory.annotation.InjectionMetadata.inject(InjectionMetadata.java:88) ~[spring-beans-4.3.13.RELEASE.jar:4.3.13.RELEASE]
	at org.springframework.beans.factory.annotation.AutowiredAnnotationBeanPostProcessor.postProcessPropertyValues(AutowiredAnnotationBeanPostProcessor.java:366) ~[spring-beans-4.3.13.RELEASE.jar:4.3.13.RELEASE]
	at org.springframework.beans.factory.support.AbstractAutowireCapableBeanFactory.populateBean(AbstractAutowireCapableBeanFactory.java:1264) ~[spring-beans-4.3.13.RELEASE.jar:4.3.13.RELEASE]
	at org.springframework.beans.factory.support.AbstractAutowireCapableBeanFactory.doCreateBean(AbstractAutowireCapableBeanFactory.java:553) ~[spring-beans-4.3.13.RELEASE.jar:4.3.13.RELEASE]
	at org.springframework.beans.factory.support.AbstractAutowireCapableBeanFactory.createBean(AbstractAutowireCapableBeanFactory.java:483) ~[spring-beans-4.3.13.RELEASE.jar:4.3.13.RELEASE]
	at org.springframework.beans.factory.support.AbstractBeanFactory$1.getObject(AbstractBeanFactory.java:306) ~[spring-beans-4.3.13.RELEASE.jar:4.3.13.RELEASE]
	at org.springframework.beans.factory.support.DefaultSingletonBeanRegistry.getSingleton(DefaultSingletonBeanRegistry.java:230) ~[spring-beans-4.3.13.RELEASE.jar:4.3.13.RELEASE]
	at org.springframework.beans.factory.support.AbstractBeanFactory.doGetBean(AbstractBeanFactory.java:302) ~[spring-beans-4.3.13.RELEASE.jar:4.3.13.RELEASE]
	at org.springframework.beans.factory.support.AbstractBeanFactory.getBean(AbstractBeanFactory.java:197) ~[spring-beans-4.3.13.RELEASE.jar:4.3.13.RELEASE]
	at org.springframework.beans.factory.support.DefaultListableBeanFactory.preInstantiateSingletons(DefaultListableBeanFactory.java:761) ~[spring-beans-4.3.13.RELEASE.jar:4.3.13.RELEASE]
	at org.springframework.context.support.AbstractApplicationContext.finishBeanFactoryInitialization(AbstractApplicationContext.java:867) ~[spring-context-4.3.13.RELEASE.jar:4.3.13.RELEASE]
	at org.springframework.context.support.AbstractApplicationContext.refresh(AbstractApplicationContext.java:543) ~[spring-context-4.3.13.RELEASE.jar:4.3.13.RELEASE]
	at org.springframework.boot.SpringApplication.refresh(SpringApplication.java:693) [spring-boot-1.5.9.RELEASE.jar:1.5.9.RELEASE]
	at org.springframework.boot.SpringApplication.refreshContext(SpringApplication.java:360) [spring-boot-1.5.9.RELEASE.jar:1.5.9.RELEASE]
	at org.springframework.boot.SpringApplication.run(SpringApplication.java:303) [spring-boot-1.5.9.RELEASE.jar:1.5.9.RELEASE]
	at org.springframework.boot.SpringApplication.run(SpringApplication.java:1118) [spring-boot-1.5.9.RELEASE.jar:1.5.9.RELEASE]
	at org.springframework.boot.SpringApplication.run(SpringApplication.java:1107) [spring-boot-1.5.9.RELEASE.jar:1.5.9.RELEASE]
	at edu.nyu.cs.wse.crawl.CrawlApplication.main(CrawlApplication.java:24) [classes/:na]
Caused by: org.springframework.beans.factory.BeanCreationException: Error creating bean with name 'crawl_Index': Injection of autowired dependencies failed; nested exception is java.lang.IllegalArgumentException: Could not resolve placeholder 'config' in value "${config}.urlfile, required=false"
	at org.springframework.beans.factory.annotation.AutowiredAnnotationBeanPostProcessor.postProcessPropertyValues(AutowiredAnnotationBeanPostProcessor.java:372) ~[spring-beans-4.3.13.RELEASE.jar:4.3.13.RELEASE]
	at org.springframework.beans.factory.support.AbstractAutowireCapableBeanFactory.populateBean(AbstractAutowireCapableBeanFactory.java:1264) ~[spring-beans-4.3.13.RELEASE.jar:4.3.13.RELEASE]
	at org.springframework.beans.factory.support.AbstractAutowireCapableBeanFactory.doCreateBean(AbstractAutowireCapableBeanFactory.java:553) ~[spring-beans-4.3.13.RELEASE.jar:4.3.13.RELEASE]
	at org.springframework.beans.factory.support.AbstractAutowireCapableBeanFactory.createBean(AbstractAutowireCapableBeanFactory.java:483) ~[spring-beans-4.3.13.RELEASE.jar:4.3.13.RELEASE]
	at org.springframework.beans.factory.support.AbstractBeanFactory$1.getObject(AbstractBeanFactory.java:306) ~[spring-beans-4.3.13.RELEASE.jar:4.3.13.RELEASE]
	at org.springframework.beans.factory.support.DefaultSingletonBeanRegistry.getSingleton(DefaultSingletonBeanRegistry.java:230) ~[spring-beans-4.3.13.RELEASE.jar:4.3.13.RELEASE]
	at org.springframework.beans.factory.support.AbstractBeanFactory.doGetBean(AbstractBeanFactory.java:302) ~[spring-beans-4.3.13.RELEASE.jar:4.3.13.RELEASE]
	at org.springframework.beans.factory.support.AbstractBeanFactory.getBean(AbstractBeanFactory.java:202) ~[spring-beans-4.3.13.RELEASE.jar:4.3.13.RELEASE]
	at org.springframework.beans.factory.config.DependencyDescriptor.resolveCandidate(DependencyDescriptor.java:208) ~[spring-beans-4.3.13.RELEASE.jar:4.3.13.RELEASE]
	at org.springframework.beans.factory.support.DefaultListableBeanFactory.doResolveDependency(DefaultListableBeanFactory.java:1138) ~[spring-beans-4.3.13.RELEASE.jar:4.3.13.RELEASE]
	at org.springframework.beans.factory.support.DefaultListableBeanFactory.resolveDependency(DefaultListableBeanFactory.java:1066) ~[spring-beans-4.3.13.RELEASE.jar:4.3.13.RELEASE]
	at org.springframework.beans.factory.annotation.AutowiredAnnotationBeanPostProcessor$AutowiredFieldElement.inject(AutowiredAnnotationBeanPostProcessor.java:585) ~[spring-beans-4.3.13.RELEASE.jar:4.3.13.RELEASE]
	... 18 common frames omitted
Caused by: java.lang.IllegalArgumentException: Could not resolve placeholder 'config' in value "${config}.urlfile, required=false"
	at org.springframework.util.PropertyPlaceholderHelper.parseStringValue(PropertyPlaceholderHelper.java:174) ~[spring-core-4.3.13.RELEASE.jar:4.3.13.RELEASE]
	at org.springframework.util.PropertyPlaceholderHelper.replacePlaceholders(PropertyPlaceholderHelper.java:126) ~[spring-core-4.3.13.RELEASE.jar:4.3.13.RELEASE]
	at org.springframework.core.env.AbstractPropertyResolver.doResolvePlaceholders(AbstractPropertyResolver.java:236) ~[spring-core-4.3.13.RELEASE.jar:4.3.13.RELEASE]
	at org.springframework.core.env.AbstractPropertyResolver.resolveRequiredPlaceholders(AbstractPropertyResolver.java:210) ~[spring-core-4.3.13.RELEASE.jar:4.3.13.RELEASE]
	at org.springframework.context.support.PropertySourcesPlaceholderConfigurer$2.resolveStringValue(PropertySourcesPlaceholderConfigurer.java:172) ~[spring-context-4.3.13.RELEASE.jar:4.3.13.RELEASE]
	at org.springframework.beans.factory.support.AbstractBeanFactory.resolveEmbeddedValue(AbstractBeanFactory.java:831) ~[spring-beans-4.3.13.RELEASE.jar:4.3.13.RELEASE]
	at org.springframework.beans.factory.support.DefaultListableBeanFactory.doResolveDependency(DefaultListableBeanFactory.java:1086) ~[spring-beans-4.3.13.RELEASE.jar:4.3.13.RELEASE]
	at org.springframework.beans.factory.support.DefaultListableBeanFactory.resolveDependency(DefaultListableBeanFactory.java:1066) ~[spring-beans-4.3.13.RELEASE.jar:4.3.13.RELEASE]
	at org.springframework.beans.factory.annotation.AutowiredAnnotationBeanPostProcessor$AutowiredFieldElement.inject(AutowiredAnnotationBeanPostProcessor.java:585) ~[spring-beans-4.3.13.RELEASE.jar:4.3.13.RELEASE]
	at org.springframework.beans.factory.annotation.InjectionMetadata.inject(InjectionMetadata.java:88) ~[spring-beans-4.3.13.RELEASE.jar:4.3.13.RELEASE]
	at org.springframework.beans.factory.annotation.AutowiredAnnotationBeanPostProcessor.postProcessPropertyValues(AutowiredAnnotationBeanPostProcessor.java:366) ~[spring-beans-4.3.13.RELEASE.jar:4.3.13.RELEASE]
	... 29 common frames omitted

2017-12-16 09:55:27.061  INFO 3727 --- [main] edu.nyu.cs.wse.crawl.CrawlApplication    : Starting CrawlApplication on Tianhuis-MacBook-Pro.local with PID 3727 (/Users/tianhuizhu/Downloads/WSE_Journal/WSE_Journal/crawl/target/classes started by tianhuizhu in /Users/tianhuizhu/Downloads/WSE_Journal/WSE_Journal)
2017-12-16 09:55:27.064  INFO 3727 --- [main] edu.nyu.cs.wse.crawl.CrawlApplication    : No active profile set, falling back to default profiles: default
2017-12-16 09:55:27.111  INFO 3727 --- [main] s.c.a.AnnotationConfigApplicationContext : Refreshing org.springframework.context.annotation.AnnotationConfigApplicationContext@7fc2413d: startup date [Sat Dec 16 09:55:27 EST 2017]; root of context hierarchy
2017-12-16 09:55:27.575  WARN 3727 --- [main] s.c.a.AnnotationConfigApplicationContext : Exception encountered during context initialization - cancelling refresh attempt: org.springframework.beans.factory.UnsatisfiedDependencyException: Error creating bean with name 'crawlApplication': Unsatisfied dependency expressed through field 'crawl_index'; nested exception is org.springframework.beans.factory.BeanCreationException: Error creating bean with name 'crawl_Index': Injection of autowired dependencies failed; nested exception is java.lang.IllegalArgumentException: Could not resolve placeholder 'urlfile' in value "${urlfile}, required=false"
2017-12-16 09:55:27.581  INFO 3727 --- [main] utoConfigurationReportLoggingInitializer : 

Error starting ApplicationContext. To display the auto-configuration report re-run your application with 'debug' enabled.
2017-12-16 09:55:27.589 ERROR 3727 --- [main] o.s.boot.SpringApplication               : Application startup failed

org.springframework.beans.factory.UnsatisfiedDependencyException: Error creating bean with name 'crawlApplication': Unsatisfied dependency expressed through field 'crawl_index'; nested exception is org.springframework.beans.factory.BeanCreationException: Error creating bean with name 'crawl_Index': Injection of autowired dependencies failed; nested exception is java.lang.IllegalArgumentException: Could not resolve placeholder 'urlfile' in value "${urlfile}, required=false"
	at org.springframework.beans.factory.annotation.AutowiredAnnotationBeanPostProcessor$AutowiredFieldElement.inject(AutowiredAnnotationBeanPostProcessor.java:588) ~[spring-beans-4.3.13.RELEASE.jar:4.3.13.RELEASE]
	at org.springframework.beans.factory.annotation.InjectionMetadata.inject(InjectionMetadata.java:88) ~[spring-beans-4.3.13.RELEASE.jar:4.3.13.RELEASE]
	at org.springframework.beans.factory.annotation.AutowiredAnnotationBeanPostProcessor.postProcessPropertyValues(AutowiredAnnotationBeanPostProcessor.java:366) ~[spring-beans-4.3.13.RELEASE.jar:4.3.13.RELEASE]
	at org.springframework.beans.factory.support.AbstractAutowireCapableBeanFactory.populateBean(AbstractAutowireCapableBeanFactory.java:1264) ~[spring-beans-4.3.13.RELEASE.jar:4.3.13.RELEASE]
	at org.springframework.beans.factory.support.AbstractAutowireCapableBeanFactory.doCreateBean(AbstractAutowireCapableBeanFactory.java:553) ~[spring-beans-4.3.13.RELEASE.jar:4.3.13.RELEASE]
	at org.springframework.beans.factory.support.AbstractAutowireCapableBeanFactory.createBean(AbstractAutowireCapableBeanFactory.java:483) ~[spring-beans-4.3.13.RELEASE.jar:4.3.13.RELEASE]
	at org.springframework.beans.factory.support.AbstractBeanFactory$1.getObject(AbstractBeanFactory.java:306) ~[spring-beans-4.3.13.RELEASE.jar:4.3.13.RELEASE]
	at org.springframework.beans.factory.support.DefaultSingletonBeanRegistry.getSingleton(DefaultSingletonBeanRegistry.java:230) ~[spring-beans-4.3.13.RELEASE.jar:4.3.13.RELEASE]
	at org.springframework.beans.factory.support.AbstractBeanFactory.doGetBean(AbstractBeanFactory.java:302) ~[spring-beans-4.3.13.RELEASE.jar:4.3.13.RELEASE]
	at org.springframework.beans.factory.support.AbstractBeanFactory.getBean(AbstractBeanFactory.java:197) ~[spring-beans-4.3.13.RELEASE.jar:4.3.13.RELEASE]
	at org.springframework.beans.factory.support.DefaultListableBeanFactory.preInstantiateSingletons(DefaultListableBeanFactory.java:761) ~[spring-beans-4.3.13.RELEASE.jar:4.3.13.RELEASE]
	at org.springframework.context.support.AbstractApplicationContext.finishBeanFactoryInitialization(AbstractApplicationContext.java:867) ~[spring-context-4.3.13.RELEASE.jar:4.3.13.RELEASE]
	at org.springframework.context.support.AbstractApplicationContext.refresh(AbstractApplicationContext.java:543) ~[spring-context-4.3.13.RELEASE.jar:4.3.13.RELEASE]
	at org.springframework.boot.SpringApplication.refresh(SpringApplication.java:693) [spring-boot-1.5.9.RELEASE.jar:1.5.9.RELEASE]
	at org.springframework.boot.SpringApplication.refreshContext(SpringApplication.java:360) [spring-boot-1.5.9.RELEASE.jar:1.5.9.RELEASE]
	at org.springframework.boot.SpringApplication.run(SpringApplication.java:303) [spring-boot-1.5.9.RELEASE.jar:1.5.9.RELEASE]
	at org.springframework.boot.SpringApplication.run(SpringApplication.java:1118) [spring-boot-1.5.9.RELEASE.jar:1.5.9.RELEASE]
	at org.springframework.boot.SpringApplication.run(SpringApplication.java:1107) [spring-boot-1.5.9.RELEASE.jar:1.5.9.RELEASE]
	at edu.nyu.cs.wse.crawl.CrawlApplication.main(CrawlApplication.java:24) [classes/:na]
Caused by: org.springframework.beans.factory.BeanCreationException: Error creating bean with name 'crawl_Index': Injection of autowired dependencies failed; nested exception is java.lang.IllegalArgumentException: Could not resolve placeholder 'urlfile' in value "${urlfile}, required=false"
	at org.springframework.beans.factory.annotation.AutowiredAnnotationBeanPostProcessor.postProcessPropertyValues(AutowiredAnnotationBeanPostProcessor.java:372) ~[spring-beans-4.3.13.RELEASE.jar:4.3.13.RELEASE]
	at org.springframework.beans.factory.support.AbstractAutowireCapableBeanFactory.populateBean(AbstractAutowireCapableBeanFactory.java:1264) ~[spring-beans-4.3.13.RELEASE.jar:4.3.13.RELEASE]
	at org.springframework.beans.factory.support.AbstractAutowireCapableBeanFactory.doCreateBean(AbstractAutowireCapableBeanFactory.java:553) ~[spring-beans-4.3.13.RELEASE.jar:4.3.13.RELEASE]
	at org.springframework.beans.factory.support.AbstractAutowireCapableBeanFactory.createBean(AbstractAutowireCapableBeanFactory.java:483) ~[spring-beans-4.3.13.RELEASE.jar:4.3.13.RELEASE]
	at org.springframework.beans.factory.support.AbstractBeanFactory$1.getObject(AbstractBeanFactory.java:306) ~[spring-beans-4.3.13.RELEASE.jar:4.3.13.RELEASE]
	at org.springframework.beans.factory.support.DefaultSingletonBeanRegistry.getSingleton(DefaultSingletonBeanRegistry.java:230) ~[spring-beans-4.3.13.RELEASE.jar:4.3.13.RELEASE]
	at org.springframework.beans.factory.support.AbstractBeanFactory.doGetBean(AbstractBeanFactory.java:302) ~[spring-beans-4.3.13.RELEASE.jar:4.3.13.RELEASE]
	at org.springframework.beans.factory.support.AbstractBeanFactory.getBean(AbstractBeanFactory.java:202) ~[spring-beans-4.3.13.RELEASE.jar:4.3.13.RELEASE]
	at org.springframework.beans.factory.config.DependencyDescriptor.resolveCandidate(DependencyDescriptor.java:208) ~[spring-beans-4.3.13.RELEASE.jar:4.3.13.RELEASE]
	at org.springframework.beans.factory.support.DefaultListableBeanFactory.doResolveDependency(DefaultListableBeanFactory.java:1138) ~[spring-beans-4.3.13.RELEASE.jar:4.3.13.RELEASE]
	at org.springframework.beans.factory.support.DefaultListableBeanFactory.resolveDependency(DefaultListableBeanFactory.java:1066) ~[spring-beans-4.3.13.RELEASE.jar:4.3.13.RELEASE]
	at org.springframework.beans.factory.annotation.AutowiredAnnotationBeanPostProcessor$AutowiredFieldElement.inject(AutowiredAnnotationBeanPostProcessor.java:585) ~[spring-beans-4.3.13.RELEASE.jar:4.3.13.RELEASE]
	... 18 common frames omitted
Caused by: java.lang.IllegalArgumentException: Could not resolve placeholder 'urlfile' in value "${urlfile}, required=false"
	at org.springframework.util.PropertyPlaceholderHelper.parseStringValue(PropertyPlaceholderHelper.java:174) ~[spring-core-4.3.13.RELEASE.jar:4.3.13.RELEASE]
	at org.springframework.util.PropertyPlaceholderHelper.replacePlaceholders(PropertyPlaceholderHelper.java:126) ~[spring-core-4.3.13.RELEASE.jar:4.3.13.RELEASE]
	at org.springframework.core.env.AbstractPropertyResolver.doResolvePlaceholders(AbstractPropertyResolver.java:236) ~[spring-core-4.3.13.RELEASE.jar:4.3.13.RELEASE]
	at org.springframework.core.env.AbstractPropertyResolver.resolveRequiredPlaceholders(AbstractPropertyResolver.java:210) ~[spring-core-4.3.13.RELEASE.jar:4.3.13.RELEASE]
	at org.springframework.context.support.PropertySourcesPlaceholderConfigurer$2.resolveStringValue(PropertySourcesPlaceholderConfigurer.java:172) ~[spring-context-4.3.13.RELEASE.jar:4.3.13.RELEASE]
	at org.springframework.beans.factory.support.AbstractBeanFactory.resolveEmbeddedValue(AbstractBeanFactory.java:831) ~[spring-beans-4.3.13.RELEASE.jar:4.3.13.RELEASE]
	at org.springframework.beans.factory.support.DefaultListableBeanFactory.doResolveDependency(DefaultListableBeanFactory.java:1086) ~[spring-beans-4.3.13.RELEASE.jar:4.3.13.RELEASE]
	at org.springframework.beans.factory.support.DefaultListableBeanFactory.resolveDependency(DefaultListableBeanFactory.java:1066) ~[spring-beans-4.3.13.RELEASE.jar:4.3.13.RELEASE]
	at org.springframework.beans.factory.annotation.AutowiredAnnotationBeanPostProcessor$AutowiredFieldElement.inject(AutowiredAnnotationBeanPostProcessor.java:585) ~[spring-beans-4.3.13.RELEASE.jar:4.3.13.RELEASE]
	at org.springframework.beans.factory.annotation.InjectionMetadata.inject(InjectionMetadata.java:88) ~[spring-beans-4.3.13.RELEASE.jar:4.3.13.RELEASE]
	at org.springframework.beans.factory.annotation.AutowiredAnnotationBeanPostProcessor.postProcessPropertyValues(AutowiredAnnotationBeanPostProcessor.java:366) ~[spring-beans-4.3.13.RELEASE.jar:4.3.13.RELEASE]
	... 29 common frames omitted

2017-12-16 09:55:50.926  INFO 3730 --- [main] edu.nyu.cs.wse.crawl.CrawlApplication    : Starting CrawlApplication on Tianhuis-MacBook-Pro.local with PID 3730 (/Users/tianhuizhu/Downloads/WSE_Journal/WSE_Journal/crawl/target/classes started by tianhuizhu in /Users/tianhuizhu/Downloads/WSE_Journal/WSE_Journal)
2017-12-16 09:55:50.929  INFO 3730 --- [main] edu.nyu.cs.wse.crawl.CrawlApplication    : No active profile set, falling back to default profiles: default
2017-12-16 09:55:50.963  INFO 3730 --- [main] s.c.a.AnnotationConfigApplicationContext : Refreshing org.springframework.context.annotation.AnnotationConfigApplicationContext@7fc2413d: startup date [Sat Dec 16 09:55:50 EST 2017]; root of context hierarchy
2017-12-16 09:55:51.490  INFO 3730 --- [main] o.s.j.e.a.AnnotationMBeanExporter        : Registering beans for JMX exposure on startup
2017-12-16 09:55:51.506  INFO 3730 --- [main] edu.nyu.cs.wse.crawl.CrawlApplication    : Started CrawlApplication in 0.801 seconds (JVM running for 1.268)
2017-12-16 09:55:51.507  INFO 3730 --- [Thread-4] s.c.a.AnnotationConfigApplicationContext : Closing org.springframework.context.annotation.AnnotationConfigApplicationContext@7fc2413d: startup date [Sat Dec 16 09:55:50 EST 2017]; root of context hierarchy
2017-12-16 09:55:51.508  INFO 3730 --- [Thread-4] o.s.j.e.a.AnnotationMBeanExporter        : Unregistering JMX-exposed beans on shutdown
2017-12-16 09:56:08.876  INFO 3732 --- [main] edu.nyu.cs.wse.crawl.CrawlApplication    : Starting CrawlApplication on Tianhuis-MacBook-Pro.local with PID 3732 (/Users/tianhuizhu/Downloads/WSE_Journal/WSE_Journal/crawl/target/classes started by tianhuizhu in /Users/tianhuizhu/Downloads/WSE_Journal/WSE_Journal)
2017-12-16 09:56:08.878  INFO 3732 --- [main] edu.nyu.cs.wse.crawl.CrawlApplication    : No active profile set, falling back to default profiles: default
2017-12-16 09:56:08.909  INFO 3732 --- [main] s.c.a.AnnotationConfigApplicationContext : Refreshing org.springframework.context.annotation.AnnotationConfigApplicationContext@7fc2413d: startup date [Sat Dec 16 09:56:08 EST 2017]; root of context hierarchy
2017-12-16 09:56:09.378  INFO 3732 --- [main] o.s.j.e.a.AnnotationMBeanExporter        : Registering beans for JMX exposure on startup
2017-12-16 09:56:09.390  INFO 3732 --- [main] edu.nyu.cs.wse.crawl.CrawlApplication    : Started CrawlApplication in 0.701 seconds (JVM running for 1.118)
2017-12-16 09:56:09.391  INFO 3732 --- [Thread-4] s.c.a.AnnotationConfigApplicationContext : Closing org.springframework.context.annotation.AnnotationConfigApplicationContext@7fc2413d: startup date [Sat Dec 16 09:56:08 EST 2017]; root of context hierarchy
2017-12-16 09:56:09.393  INFO 3732 --- [Thread-4] o.s.j.e.a.AnnotationMBeanExporter        : Unregistering JMX-exposed beans on shutdown
2017-12-16 09:56:40.579  INFO 3737 --- [main] edu.nyu.cs.wse.crawl.CrawlApplication    : Starting CrawlApplication on Tianhuis-MacBook-Pro.local with PID 3737 (/Users/tianhuizhu/Downloads/WSE_Journal/WSE_Journal/crawl/target/classes started by tianhuizhu in /Users/tianhuizhu/Downloads/WSE_Journal/WSE_Journal)
2017-12-16 09:56:40.581  INFO 3737 --- [main] edu.nyu.cs.wse.crawl.CrawlApplication    : No active profile set, falling back to default profiles: default
2017-12-16 09:56:40.615  INFO 3737 --- [main] s.c.a.AnnotationConfigApplicationContext : Refreshing org.springframework.context.annotation.AnnotationConfigApplicationContext@7fc2413d: startup date [Sat Dec 16 09:56:40 EST 2017]; root of context hierarchy
2017-12-16 09:56:41.143  INFO 3737 --- [main] o.s.j.e.a.AnnotationMBeanExporter        : Registering beans for JMX exposure on startup
2017-12-16 09:56:41.157  INFO 3737 --- [main] edu.nyu.cs.wse.crawl.CrawlApplication    : Started CrawlApplication in 0.81 seconds (JVM running for 1.299)
2017-12-16 09:56:41.158  INFO 3737 --- [Thread-4] s.c.a.AnnotationConfigApplicationContext : Closing org.springframework.context.annotation.AnnotationConfigApplicationContext@7fc2413d: startup date [Sat Dec 16 09:56:40 EST 2017]; root of context hierarchy
2017-12-16 09:56:41.160  INFO 3737 --- [Thread-4] o.s.j.e.a.AnnotationMBeanExporter        : Unregistering JMX-exposed beans on shutdown
2017-12-16 09:57:06.289  INFO 3742 --- [main] edu.nyu.cs.wse.crawl.CrawlApplication    : Starting CrawlApplication on Tianhuis-MacBook-Pro.local with PID 3742 (/Users/tianhuizhu/Downloads/WSE_Journal/WSE_Journal/crawl/target/classes started by tianhuizhu in /Users/tianhuizhu/Downloads/WSE_Journal/WSE_Journal)
2017-12-16 09:57:06.292  INFO 3742 --- [main] edu.nyu.cs.wse.crawl.CrawlApplication    : No active profile set, falling back to default profiles: default
2017-12-16 09:57:06.331  INFO 3742 --- [main] s.c.a.AnnotationConfigApplicationContext : Refreshing org.springframework.context.annotation.AnnotationConfigApplicationContext@7fc2413d: startup date [Sat Dec 16 09:57:06 EST 2017]; root of context hierarchy
2017-12-16 09:57:06.873  INFO 3742 --- [main] o.s.j.e.a.AnnotationMBeanExporter        : Registering beans for JMX exposure on startup
2017-12-16 09:57:06.882  INFO 3742 --- [main] edu.nyu.cs.wse.crawl.CrawlApplication    : Started CrawlApplication in 0.801 seconds (JVM running for 1.212)
2017-12-16 09:57:06.883  INFO 3742 --- [Thread-4] s.c.a.AnnotationConfigApplicationContext : Closing org.springframework.context.annotation.AnnotationConfigApplicationContext@7fc2413d: startup date [Sat Dec 16 09:57:06 EST 2017]; root of context hierarchy
2017-12-16 09:57:06.884  INFO 3742 --- [Thread-4] o.s.j.e.a.AnnotationMBeanExporter        : Unregistering JMX-exposed beans on shutdown
2017-12-16 09:57:29.975  INFO 3745 --- [main] edu.nyu.cs.wse.crawl.CrawlApplication    : Starting CrawlApplication on Tianhuis-MacBook-Pro.local with PID 3745 (/Users/tianhuizhu/Downloads/WSE_Journal/WSE_Journal/crawl/target/classes started by tianhuizhu in /Users/tianhuizhu/Downloads/WSE_Journal/WSE_Journal)
2017-12-16 09:57:29.977  INFO 3745 --- [main] edu.nyu.cs.wse.crawl.CrawlApplication    : No active profile set, falling back to default profiles: default
2017-12-16 09:57:30.012  INFO 3745 --- [main] s.c.a.AnnotationConfigApplicationContext : Refreshing org.springframework.context.annotation.AnnotationConfigApplicationContext@7fc2413d: startup date [Sat Dec 16 09:57:30 EST 2017]; root of context hierarchy
2017-12-16 09:57:30.524  INFO 3745 --- [main] o.s.j.e.a.AnnotationMBeanExporter        : Registering beans for JMX exposure on startup
2017-12-16 09:57:30.536  INFO 3745 --- [main] edu.nyu.cs.wse.crawl.CrawlApplication    : Started CrawlApplication in 0.747 seconds (JVM running for 1.159)
2017-12-16 09:57:30.537  INFO 3745 --- [Thread-4] s.c.a.AnnotationConfigApplicationContext : Closing org.springframework.context.annotation.AnnotationConfigApplicationContext@7fc2413d: startup date [Sat Dec 16 09:57:30 EST 2017]; root of context hierarchy
2017-12-16 09:57:30.539  INFO 3745 --- [Thread-4] o.s.j.e.a.AnnotationMBeanExporter        : Unregistering JMX-exposed beans on shutdown
2017-12-16 10:24:44.148  INFO 3799 --- [main] edu.nyu.cs.wse.crawl.CrawlApplication    : Starting CrawlApplication on Tianhuis-MacBook-Pro.local with PID 3799 (/Users/tianhuizhu/Downloads/WSE_Journal/WSE_Journal/crawl/target/classes started by tianhuizhu in /Users/tianhuizhu/Downloads/WSE_Journal/WSE_Journal)
2017-12-16 10:24:44.151  INFO 3799 --- [main] edu.nyu.cs.wse.crawl.CrawlApplication    : No active profile set, falling back to default profiles: default
2017-12-16 10:24:44.191  INFO 3799 --- [main] s.c.a.AnnotationConfigApplicationContext : Refreshing org.springframework.context.annotation.AnnotationConfigApplicationContext@7fc2413d: startup date [Sat Dec 16 10:24:44 EST 2017]; root of context hierarchy
2017-12-16 10:24:44.646  INFO 3799 --- [main] o.s.j.e.a.AnnotationMBeanExporter        : Registering beans for JMX exposure on startup
2017-12-16 10:24:44.656  INFO 3799 --- [main] edu.nyu.cs.wse.crawl.CrawlApplication    : Started CrawlApplication in 0.726 seconds (JVM running for 1.318)
2017-12-16 10:24:44.656  INFO 3799 --- [Thread-4] s.c.a.AnnotationConfigApplicationContext : Closing org.springframework.context.annotation.AnnotationConfigApplicationContext@7fc2413d: startup date [Sat Dec 16 10:24:44 EST 2017]; root of context hierarchy
2017-12-16 10:24:44.657  INFO 3799 --- [Thread-4] o.s.j.e.a.AnnotationMBeanExporter        : Unregistering JMX-exposed beans on shutdown
2017-12-16 10:25:13.658  INFO 3802 --- [main] edu.nyu.cs.wse.crawl.CrawlApplication    : Starting CrawlApplication on Tianhuis-MacBook-Pro.local with PID 3802 (/Users/tianhuizhu/Downloads/WSE_Journal/WSE_Journal/crawl/target/classes started by tianhuizhu in /Users/tianhuizhu/Downloads/WSE_Journal/WSE_Journal)
2017-12-16 10:25:13.660  INFO 3802 --- [main] edu.nyu.cs.wse.crawl.CrawlApplication    : No active profile set, falling back to default profiles: default
2017-12-16 10:25:13.694  INFO 3802 --- [main] s.c.a.AnnotationConfigApplicationContext : Refreshing org.springframework.context.annotation.AnnotationConfigApplicationContext@7fc2413d: startup date [Sat Dec 16 10:25:13 EST 2017]; root of context hierarchy
2017-12-16 10:25:14.169  INFO 3802 --- [main] o.s.j.e.a.AnnotationMBeanExporter        : Registering beans for JMX exposure on startup
2017-12-16 10:25:14.181  INFO 3802 --- [main] edu.nyu.cs.wse.crawl.CrawlApplication    : Started CrawlApplication in 0.745 seconds (JVM running for 1.222)
2017-12-16 10:25:14.182  INFO 3802 --- [Thread-4] s.c.a.AnnotationConfigApplicationContext : Closing org.springframework.context.annotation.AnnotationConfigApplicationContext@7fc2413d: startup date [Sat Dec 16 10:25:13 EST 2017]; root of context hierarchy
2017-12-16 10:25:14.184  INFO 3802 --- [Thread-4] o.s.j.e.a.AnnotationMBeanExporter        : Unregistering JMX-exposed beans on shutdown
2017-12-16 10:25:44.161  INFO 3806 --- [main] edu.nyu.cs.wse.crawl.CrawlApplication    : Starting CrawlApplication on Tianhuis-MacBook-Pro.local with PID 3806 (/Users/tianhuizhu/Downloads/WSE_Journal/WSE_Journal/crawl/target/classes started by tianhuizhu in /Users/tianhuizhu/Downloads/WSE_Journal/WSE_Journal)
2017-12-16 10:25:44.163  INFO 3806 --- [main] edu.nyu.cs.wse.crawl.CrawlApplication    : No active profile set, falling back to default profiles: default
2017-12-16 10:25:44.198  INFO 3806 --- [main] s.c.a.AnnotationConfigApplicationContext : Refreshing org.springframework.context.annotation.AnnotationConfigApplicationContext@7fc2413d: startup date [Sat Dec 16 10:25:44 EST 2017]; root of context hierarchy
2017-12-16 10:25:44.690  INFO 3806 --- [main] o.s.j.e.a.AnnotationMBeanExporter        : Registering beans for JMX exposure on startup
2017-12-16 10:25:44.701  INFO 3806 --- [main] edu.nyu.cs.wse.crawl.CrawlApplication    : Started CrawlApplication in 0.757 seconds (JVM running for 1.217)
2017-12-16 10:25:44.702  INFO 3806 --- [Thread-4] s.c.a.AnnotationConfigApplicationContext : Closing org.springframework.context.annotation.AnnotationConfigApplicationContext@7fc2413d: startup date [Sat Dec 16 10:25:44 EST 2017]; root of context hierarchy
2017-12-16 10:25:44.704  INFO 3806 --- [Thread-4] o.s.j.e.a.AnnotationMBeanExporter        : Unregistering JMX-exposed beans on shutdown
2017-12-16 10:26:17.259  INFO 3809 --- [main] edu.nyu.cs.wse.crawl.CrawlApplication    : Starting CrawlApplication on Tianhuis-MacBook-Pro.local with PID 3809 (/Users/tianhuizhu/Downloads/WSE_Journal/WSE_Journal/crawl/target/classes started by tianhuizhu in /Users/tianhuizhu/Downloads/WSE_Journal/WSE_Journal)
2017-12-16 10:26:17.261  INFO 3809 --- [main] edu.nyu.cs.wse.crawl.CrawlApplication    : No active profile set, falling back to default profiles: default
2017-12-16 10:26:17.291  INFO 3809 --- [main] s.c.a.AnnotationConfigApplicationContext : Refreshing org.springframework.context.annotation.AnnotationConfigApplicationContext@7fc2413d: startup date [Sat Dec 16 10:26:17 EST 2017]; root of context hierarchy
2017-12-16 10:26:17.734  INFO 3809 --- [main] o.s.j.e.a.AnnotationMBeanExporter        : Registering beans for JMX exposure on startup
2017-12-16 10:26:17.745  INFO 3809 --- [main] edu.nyu.cs.wse.crawl.CrawlApplication    : Started CrawlApplication in 0.672 seconds (JVM running for 1.08)
2017-12-16 10:26:17.746  INFO 3809 --- [Thread-4] s.c.a.AnnotationConfigApplicationContext : Closing org.springframework.context.annotation.AnnotationConfigApplicationContext@7fc2413d: startup date [Sat Dec 16 10:26:17 EST 2017]; root of context hierarchy
2017-12-16 10:26:17.747  INFO 3809 --- [Thread-4] o.s.j.e.a.AnnotationMBeanExporter        : Unregistering JMX-exposed beans on shutdown
2017-12-16 10:26:40.725  INFO 3812 --- [main] edu.nyu.cs.wse.crawl.CrawlApplication    : Starting CrawlApplication on Tianhuis-MacBook-Pro.local with PID 3812 (/Users/tianhuizhu/Downloads/WSE_Journal/WSE_Journal/crawl/target/classes started by tianhuizhu in /Users/tianhuizhu/Downloads/WSE_Journal/WSE_Journal)
2017-12-16 10:26:40.727  INFO 3812 --- [main] edu.nyu.cs.wse.crawl.CrawlApplication    : No active profile set, falling back to default profiles: default
2017-12-16 10:26:40.757  INFO 3812 --- [main] s.c.a.AnnotationConfigApplicationContext : Refreshing org.springframework.context.annotation.AnnotationConfigApplicationContext@7fc2413d: startup date [Sat Dec 16 10:26:40 EST 2017]; root of context hierarchy
2017-12-16 10:26:41.184  INFO 3812 --- [main] o.s.j.e.a.AnnotationMBeanExporter        : Registering beans for JMX exposure on startup
2017-12-16 10:26:41.193  INFO 3812 --- [main] edu.nyu.cs.wse.crawl.CrawlApplication    : Started CrawlApplication in 0.653 seconds (JVM running for 1.085)
2017-12-16 10:26:41.194  INFO 3812 --- [Thread-4] s.c.a.AnnotationConfigApplicationContext : Closing org.springframework.context.annotation.AnnotationConfigApplicationContext@7fc2413d: startup date [Sat Dec 16 10:26:40 EST 2017]; root of context hierarchy
2017-12-16 10:26:41.196  INFO 3812 --- [Thread-4] o.s.j.e.a.AnnotationMBeanExporter        : Unregistering JMX-exposed beans on shutdown
2017-12-16 10:27:06.248  INFO 3815 --- [main] edu.nyu.cs.wse.crawl.CrawlApplication    : Starting CrawlApplication on Tianhuis-MacBook-Pro.local with PID 3815 (/Users/tianhuizhu/Downloads/WSE_Journal/WSE_Journal/crawl/target/classes started by tianhuizhu in /Users/tianhuizhu/Downloads/WSE_Journal/WSE_Journal)
2017-12-16 10:27:06.250  INFO 3815 --- [main] edu.nyu.cs.wse.crawl.CrawlApplication    : No active profile set, falling back to default profiles: default
2017-12-16 10:27:06.285  INFO 3815 --- [main] s.c.a.AnnotationConfigApplicationContext : Refreshing org.springframework.context.annotation.AnnotationConfigApplicationContext@7fc2413d: startup date [Sat Dec 16 10:27:06 EST 2017]; root of context hierarchy
2017-12-16 10:27:06.796  INFO 3815 --- [main] o.s.j.e.a.AnnotationMBeanExporter        : Registering beans for JMX exposure on startup
2017-12-16 10:27:06.809  INFO 3815 --- [main] edu.nyu.cs.wse.crawl.CrawlApplication    : Started CrawlApplication in 0.781 seconds (JVM running for 1.248)
2017-12-16 10:27:06.810  INFO 3815 --- [Thread-4] s.c.a.AnnotationConfigApplicationContext : Closing org.springframework.context.annotation.AnnotationConfigApplicationContext@7fc2413d: startup date [Sat Dec 16 10:27:06 EST 2017]; root of context hierarchy
2017-12-16 10:27:06.812  INFO 3815 --- [Thread-4] o.s.j.e.a.AnnotationMBeanExporter        : Unregistering JMX-exposed beans on shutdown
2017-12-16 10:27:48.431  INFO 3818 --- [main] edu.nyu.cs.wse.crawl.CrawlApplication    : Starting CrawlApplication on Tianhuis-MacBook-Pro.local with PID 3818 (/Users/tianhuizhu/Downloads/WSE_Journal/WSE_Journal/crawl/target/classes started by tianhuizhu in /Users/tianhuizhu/Downloads/WSE_Journal/WSE_Journal)
2017-12-16 10:27:48.434  INFO 3818 --- [main] edu.nyu.cs.wse.crawl.CrawlApplication    : No active profile set, falling back to default profiles: default
2017-12-16 10:27:48.469  INFO 3818 --- [main] s.c.a.AnnotationConfigApplicationContext : Refreshing org.springframework.context.annotation.AnnotationConfigApplicationContext@7fc2413d: startup date [Sat Dec 16 10:27:48 EST 2017]; root of context hierarchy
2017-12-16 10:27:48.996  INFO 3818 --- [main] o.s.j.e.a.AnnotationMBeanExporter        : Registering beans for JMX exposure on startup
2017-12-16 10:27:49.008  INFO 3818 --- [main] edu.nyu.cs.wse.crawl.CrawlApplication    : Started CrawlApplication in 0.823 seconds (JVM running for 1.304)
2017-12-16 10:27:49.009  INFO 3818 --- [Thread-4] s.c.a.AnnotationConfigApplicationContext : Closing org.springframework.context.annotation.AnnotationConfigApplicationContext@7fc2413d: startup date [Sat Dec 16 10:27:48 EST 2017]; root of context hierarchy
2017-12-16 10:27:49.011  INFO 3818 --- [Thread-4] o.s.j.e.a.AnnotationMBeanExporter        : Unregistering JMX-exposed beans on shutdown
2017-12-16 10:27:55.381  INFO 3821 --- [main] edu.nyu.cs.wse.crawl.CrawlApplication    : Starting CrawlApplication on Tianhuis-MacBook-Pro.local with PID 3821 (/Users/tianhuizhu/Downloads/WSE_Journal/WSE_Journal/crawl/target/classes started by tianhuizhu in /Users/tianhuizhu/Downloads/WSE_Journal/WSE_Journal)
2017-12-16 10:27:55.384  INFO 3821 --- [main] edu.nyu.cs.wse.crawl.CrawlApplication    : No active profile set, falling back to default profiles: default
2017-12-16 10:27:55.419  INFO 3821 --- [main] s.c.a.AnnotationConfigApplicationContext : Refreshing org.springframework.context.annotation.AnnotationConfigApplicationContext@7fc2413d: startup date [Sat Dec 16 10:27:55 EST 2017]; root of context hierarchy
2017-12-16 10:27:55.908  INFO 3821 --- [main] o.s.j.e.a.AnnotationMBeanExporter        : Registering beans for JMX exposure on startup
2017-12-16 10:27:55.920  INFO 3821 --- [main] edu.nyu.cs.wse.crawl.CrawlApplication    : Started CrawlApplication in 0.753 seconds (JVM running for 1.213)
2017-12-16 10:27:55.921  INFO 3821 --- [Thread-4] s.c.a.AnnotationConfigApplicationContext : Closing org.springframework.context.annotation.AnnotationConfigApplicationContext@7fc2413d: startup date [Sat Dec 16 10:27:55 EST 2017]; root of context hierarchy
2017-12-16 10:27:55.923  INFO 3821 --- [Thread-4] o.s.j.e.a.AnnotationMBeanExporter        : Unregistering JMX-exposed beans on shutdown
2017-12-16 10:30:00.396  INFO 3835 --- [main] edu.nyu.cs.wse.crawl.CrawlApplication    : Starting CrawlApplication on Tianhuis-MacBook-Pro.local with PID 3835 (/Users/tianhuizhu/Downloads/WSE_Journal/WSE_Journal/crawl/target/classes started by tianhuizhu in /Users/tianhuizhu/Downloads/WSE_Journal/WSE_Journal)
2017-12-16 10:30:00.399  INFO 3835 --- [main] edu.nyu.cs.wse.crawl.CrawlApplication    : No active profile set, falling back to default profiles: default
2017-12-16 10:30:00.447  INFO 3835 --- [main] s.c.a.AnnotationConfigApplicationContext : Refreshing org.springframework.context.annotation.AnnotationConfigApplicationContext@7fc2413d: startup date [Sat Dec 16 10:30:00 EST 2017]; root of context hierarchy
2017-12-16 10:30:00.951  INFO 3835 --- [main] o.s.j.e.a.AnnotationMBeanExporter        : Registering beans for JMX exposure on startup
2017-12-16 10:30:00.960  INFO 3835 --- [main] edu.nyu.cs.wse.crawl.CrawlApplication    : Started CrawlApplication in 0.861 seconds (JVM running for 1.501)
2017-12-16 10:30:00.961  INFO 3835 --- [Thread-4] s.c.a.AnnotationConfigApplicationContext : Closing org.springframework.context.annotation.AnnotationConfigApplicationContext@7fc2413d: startup date [Sat Dec 16 10:30:00 EST 2017]; root of context hierarchy
2017-12-16 10:30:00.962  INFO 3835 --- [Thread-4] o.s.j.e.a.AnnotationMBeanExporter        : Unregistering JMX-exposed beans on shutdown
2017-12-16 10:33:18.939  INFO 3860 --- [main] edu.nyu.cs.wse.crawl.CrawlApplication    : Starting CrawlApplication on Tianhuis-MacBook-Pro.local with PID 3860 (/Users/tianhuizhu/Downloads/WSE_Journal/WSE_Journal/crawl/target/classes started by tianhuizhu in /Users/tianhuizhu/Downloads/WSE_Journal/WSE_Journal)
2017-12-16 10:33:18.941  INFO 3860 --- [main] edu.nyu.cs.wse.crawl.CrawlApplication    : No active profile set, falling back to default profiles: default
2017-12-16 10:33:18.972  INFO 3860 --- [main] s.c.a.AnnotationConfigApplicationContext : Refreshing org.springframework.context.annotation.AnnotationConfigApplicationContext@7fc2413d: startup date [Sat Dec 16 10:33:18 EST 2017]; root of context hierarchy
2017-12-16 10:33:19.406  INFO 3860 --- [main] o.s.j.e.a.AnnotationMBeanExporter        : Registering beans for JMX exposure on startup
2017-12-16 10:33:19.418  INFO 3860 --- [main] edu.nyu.cs.wse.crawl.CrawlApplication    : Started CrawlApplication in 0.669 seconds (JVM running for 1.084)
2017-12-16 10:33:19.419  INFO 3860 --- [Thread-4] s.c.a.AnnotationConfigApplicationContext : Closing org.springframework.context.annotation.AnnotationConfigApplicationContext@7fc2413d: startup date [Sat Dec 16 10:33:18 EST 2017]; root of context hierarchy
2017-12-16 10:33:19.420  INFO 3860 --- [Thread-4] o.s.j.e.a.AnnotationMBeanExporter        : Unregistering JMX-exposed beans on shutdown
2017-12-16 13:08:39.579  INFO 4289 --- [main] edu.nyu.cs.wse.crawl.CrawlApplication    : Starting CrawlApplication on Tianhuis-MacBook-Pro.local with PID 4289 (/Users/tianhuizhu/Downloads/WSE_Journal/WSE_Journal/crawl/target/classes started by tianhuizhu in /Users/tianhuizhu/Downloads/WSE_Journal/WSE_Journal)
2017-12-16 13:08:39.583  INFO 4289 --- [main] edu.nyu.cs.wse.crawl.CrawlApplication    : No active profile set, falling back to default profiles: default
2017-12-16 13:08:39.617  INFO 4289 --- [main] s.c.a.AnnotationConfigApplicationContext : Refreshing org.springframework.context.annotation.AnnotationConfigApplicationContext@7fc2413d: startup date [Sat Dec 16 13:08:39 EST 2017]; root of context hierarchy
2017-12-16 13:08:40.086  INFO 4289 --- [main] o.s.j.e.a.AnnotationMBeanExporter        : Registering beans for JMX exposure on startup
2017-12-16 13:08:40.102  INFO 4289 --- [main] edu.nyu.cs.wse.crawl.CrawlApplication    : Started CrawlApplication in 0.727 seconds (JVM running for 1.163)
2017-12-16 13:08:40.102  INFO 4289 --- [Thread-4] s.c.a.AnnotationConfigApplicationContext : Closing org.springframework.context.annotation.AnnotationConfigApplicationContext@7fc2413d: startup date [Sat Dec 16 13:08:39 EST 2017]; root of context hierarchy
2017-12-16 13:08:40.104  INFO 4289 --- [Thread-4] o.s.j.e.a.AnnotationMBeanExporter        : Unregistering JMX-exposed beans on shutdown
